<?xml version="1.0" encoding="UTF-8"?>
<!-- Generated by org.testng.reporters.JUnitXMLReporter -->
<testsuite ignored="2" hostname="Raju" failures="0" tests="3" name="Surefire test" time="0.144" errors="0" timestamp="2026-02-18T09:21:48 IST">
  <testcase classname="com.unittest.TestNGUnitTest" name="test4" time="0.017"/>
  <testcase classname="com.unittest.TestNGUnitTest" name="test3" time="0.003"/>
  <testcase classname="com.unittest.TestNGUnitTest" name="test5" time="0.017"/>
  <testcase classname="com.unittest.TestNGUnitTest" name="test1" time="0.0">
    <ignored/>
  </testcase> <!-- test1 -->
  <testcase classname="com.unittest.TestNGUnitTest" name="test2" time="0.0">
    <ignored/>
  </testcase> <!-- test2 -->
</testsuite> <!-- Surefire test -->
