<?xml version="1.0" encoding="UTF-8"?>
<!-- Generated by org.testng.reporters.JUnitXMLReporter -->
<testsuite ignored="3" hostname="Raju" failures="0" tests="1" name="Default test" time="1.037" errors="0" timestamp="2026-02-19T09:46:05 IST">
  <testcase classname="com.filestest.FilesTest" name="readDataFromXmlTest" time="0.909"/>
  <testcase classname="com.filestest.FilesTest" name="readDataFromJsonTest" time="0.0">
    <ignored/>
  </testcase> <!-- readDataFromJsonTest -->
  <testcase classname="com.filestest.FilesTest" name="readDataFromJsonAsModelTest" time="0.0">
    <ignored/>
  </testcase> <!-- readDataFromJsonAsModelTest -->
  <testcase classname="com.filestest.FilesTest" name="readDataFromExcelTest" time="0.0">
    <ignored/>
  </testcase> <!-- readDataFromExcelTest -->
</testsuite> <!-- Default test -->
