<?xml version="1.0" encoding="UTF-8"?>
<!-- Generated by org.testng.reporters.JUnitXMLReporter -->
<testsuite ignored="4" hostname="DESKTOP-IPG4CF5" failures="0" tests="1" name="Default test" time="0.096" errors="0" timestamp="2026-03-07T23:52:29 IST">
  <testcase classname="com.filestest.FilesTest" name="ReadDataFromCsvTest" time="0.023"/>
  <testcase classname="com.filestest.FilesTest" name="readDataFromXmlTest" time="0.0">
    <ignored/>
  </testcase> <!-- readDataFromXmlTest -->
  <testcase classname="com.filestest.FilesTest" name="readDataFromJsonTest" time="0.0">
    <ignored/>
  </testcase> <!-- readDataFromJsonTest -->
  <testcase classname="com.filestest.FilesTest" name="readDataFromJsonAsModelTest" time="0.0">
    <ignored/>
  </testcase> <!-- readDataFromJsonAsModelTest -->
  <testcase classname="com.filestest.FilesTest" name="readDataFromExcelTest" time="0.0">
    <ignored/>
  </testcase> <!-- readDataFromExcelTest -->
</testsuite> <!-- Default test -->
