<?xml version="1.0" encoding="UTF-8"?>
<!-- Generated by org.testng.reporters.JUnitXMLReporter -->
<testsuite ignored="3" hostname="Raju" failures="0" tests="2" name="TestNGTestCases" time="0.116" errors="0" timestamp="2026-02-18T09:22:18 IST">
  <testcase classname="com.unittest.TestNGUnitTest" name="test3" time="0.02"/>
  <testcase classname="com.unittest.TestNGUnitTest" name="test5" time="0.015"/>
  <testcase classname="com.unittest.TestNGUnitTest" name="test2" time="0.0">
    <ignored/>
  </testcase> <!-- test2 -->
  <testcase classname="com.unittest.TestNGUnitTest" name="test4" time="0.0">
    <ignored/>
  </testcase> <!-- test4 -->
  <testcase classname="com.unittest.TestNGUnitTest" name="test1" time="0.0">
    <ignored/>
  </testcase> <!-- test1 -->
</testsuite> <!-- TestNGTestCases -->
