<?xml version="1.0" encoding="UTF-8"?>
<!-- Generated by org.testng.reporters.JUnitXMLReporter -->
<testsuite ignored="0" hostname="Raju" failures="0" tests="3" name="TestNGTestCases" time="0.388" errors="0" timestamp="2026-02-19T08:47:49 IST">
  <testcase classname="com.unittest.TestNGUnitTest5" name="test1" time="0.044"/>
  <testcase classname="com.unittest.TestNGUnitTest5" name="test2" time="0.013"/>
  <testcase classname="com.unittest.TestNGUnitTest5" name="test3" time="0.06"/>
</testsuite> <!-- TestNGTestCases -->
