<?xml version="1.0" encoding="UTF-8"?>
<testng-results ignored="0" total="2" passed="2" failed="0" skipped="0">
  <reporter-output>
  </reporter-output>
  <suite started-at="2026-02-18T09:22:17 IST" name="TestNGUnitTestSuite" finished-at="2026-02-18T09:22:18 IST" duration-ms="116">
    <groups>
    </groups>
    <test started-at="2026-02-18T09:22:17 IST" name="TestNGTestCases" finished-at="2026-02-18T09:22:18 IST" duration-ms="116">
      <class name="com.unittest.TestNGUnitTest">
        <test-method signature="test3()[pri:1, instance:com.unittest.TestNGUnitTest@13e39c73]" started-at="2026-02-18T09:22:17 IST" name="test3" finished-at="2026-02-18T09:22:18 IST" duration-ms="20" status="PASS">
          <reporter-output>
          </reporter-output>
        </test-method> <!-- test3 -->
        <test-method signature="test5()[pri:2, instance:com.unittest.TestNGUnitTest@13e39c73]" started-at="2026-02-18T09:22:18 IST" name="test5" finished-at="2026-02-18T09:22:18 IST" duration-ms="15" status="PASS">
          <reporter-output>
          </reporter-output>
        </test-method> <!-- test5 -->
      </class> <!-- com.unittest.TestNGUnitTest -->
    </test> <!-- TestNGTestCases -->
  </suite> <!-- TestNGUnitTestSuite -->
</testng-results>
