<?xml version="1.0" encoding="UTF-8"?>
<testng-results ignored="3" total="4" passed="1" failed="0" skipped="0">
  <reporter-output>
  </reporter-output>
  <suite started-at="2026-02-19T09:46:04 IST" name="Default suite" finished-at="2026-02-19T09:46:05 IST" duration-ms="1037">
    <groups>
    </groups>
    <test started-at="2026-02-19T09:46:04 IST" name="Default test" finished-at="2026-02-19T09:46:05 IST" duration-ms="1037">
      <class name="com.filestest.FilesTest">
        <test-method signature="readDataFromXmlTest()[pri:0, instance:com.filestest.FilesTest@3023df74]" started-at="2026-02-19T09:46:04 IST" name="readDataFromXmlTest" finished-at="2026-02-19T09:46:05 IST" duration-ms="909" status="PASS">
          <reporter-output>
          </reporter-output>
        </test-method> <!-- readDataFromXmlTest -->
      </class> <!-- com.filestest.FilesTest -->
    </test> <!-- Default test -->
  </suite> <!-- Default suite -->
</testng-results>
