<?xml version="1.0" encoding="UTF-8"?>
<testng-results ignored="0" total="1" passed="1" failed="0" skipped="0">
  <reporter-output>
  </reporter-output>
  <suite started-at="2026-03-07T23:52:28 IST" name="Default suite" finished-at="2026-03-07T23:52:29 IST" duration-ms="96">
    <groups>
    </groups>
    <test started-at="2026-03-07T23:52:28 IST" name="Default test" finished-at="2026-03-07T23:52:29 IST" duration-ms="96">
      <class name="com.filestest.FilesTest">
        <test-method signature="ReadDataFromCsvTest()[pri:0, instance:com.filestest.FilesTest@74fe5c40]" started-at="2026-03-07T23:52:29 IST" name="ReadDataFromCsvTest" finished-at="2026-03-07T23:52:29 IST" duration-ms="23" status="PASS">
          <reporter-output>
          </reporter-output>
        </test-method> <!-- ReadDataFromCsvTest -->
      </class> <!-- com.filestest.FilesTest -->
    </test> <!-- Default test -->
  </suite> <!-- Default suite -->
</testng-results>
