<?xml version="1.0" encoding="UTF-8"?>
<!-- Generated by org.testng.reporters.JUnitReportReporter -->
<testsuite hostname="Raju" failures="0" tests="3" name="com.unittest.TestNGUnitTest4" time="0.063" errors="0" timestamp="2026-02-18T10:05:59 IST" skipped="0">
  <testcase classname="com.unittest.TestNGUnitTest4" name="test3" time="0.021"/>
  <testcase classname="com.unittest.TestNGUnitTest4" name="test2" time="0.014"/>
  <testcase classname="com.unittest.TestNGUnitTest4" name="test1" time="0.028"/>
</testsuite> <!-- com.unittest.TestNGUnitTest4 -->
