<?xml version="1.0" encoding="UTF-8"?>
<!-- Generated by org.testng.reporters.JUnitReportReporter -->
<testsuite hostname="Raju" failures="0" tests="5" name="com.unittest.TestNGUnitTest2" time="0.051" errors="0" timestamp="2026-02-18T09:31:37 IST" skipped="2">
  <testcase classname="com.unittest.TestNGUnitTest2" name="test4" time="0.012"/>
  <testcase classname="com.unittest.TestNGUnitTest2" name="test5" time="0.036"/>
  <testcase classname="com.unittest.TestNGUnitTest2" name="test3" time="0.003"/>
  <testcase classname="com.unittest.TestNGUnitTest2" name="test2">
    <skipped/>
  </testcase> <!-- test2 -->
  <testcase classname="com.unittest.TestNGUnitTest2" name="test1">
    <skipped/>
  </testcase> <!-- test1 -->
</testsuite> <!-- com.unittest.TestNGUnitTest2 -->
