<?xml version="1.0" encoding="UTF-8"?>
<!-- Generated by org.testng.reporters.JUnitReportReporter -->
<testsuite hostname="Raju" failures="0" tests="7" name="com.unittest.TestNGUnitTest3" time="0.130" errors="0" timestamp="2026-02-18T10:07:22 IST" skipped="0">
  <testcase classname="com.unittest.TestNGUnitTest3" name="test2" time="0.006"/>
  <testcase classname="com.unittest.TestNGUnitTest3" name="test2" time="0.010"/>
  <testcase classname="com.unittest.TestNGUnitTest3" name="test2" time="0.007"/>
  <testcase classname="com.unittest.TestNGUnitTest3" name="test2" time="0.019"/>
  <testcase classname="com.unittest.TestNGUnitTest3" name="test2" time="0.018"/>
  <testcase classname="com.unittest.TestNGUnitTest3" name="test3" time="0.028"/>
  <testcase classname="com.unittest.TestNGUnitTest3" name="test1" time="0.042"/>
</testsuite> <!-- com.unittest.TestNGUnitTest3 -->
