<?xml version="1.0" encoding="UTF-8"?>
<!-- Generated by org.testng.reporters.JUnitReportReporter -->
<testsuite hostname="Raju" failures="0" tests="3" name="com.unittest.TestNGUnitTest5" time="0.117" errors="0" timestamp="2026-02-19T08:47:50 IST" skipped="0">
  <testcase classname="com.unittest.TestNGUnitTest5" name="test2" time="0.013"/>
  <testcase classname="com.unittest.TestNGUnitTest5" name="test3" time="0.060"/>
  <testcase classname="com.unittest.TestNGUnitTest5" name="test1" time="0.044"/>
</testsuite> <!-- com.unittest.TestNGUnitTest5 -->
