<?xml version="1.0" encoding="UTF-8"?>
<!-- Generated by org.testng.reporters.JUnitReportReporter -->
<testsuite hostname="Raju" failures="0" tests="5" name="com.unittest.TestNGUnitTest" time="0.118" errors="0" timestamp="2026-02-18T09:26:21 IST" skipped="2">
  <testcase classname="com.unittest.TestNGUnitTest" name="test4" time="0.035"/>
  <testcase classname="com.unittest.TestNGUnitTest" name="test3" time="0.039"/>
  <testcase classname="com.unittest.TestNGUnitTest" name="test5" time="0.044"/>
  <testcase classname="com.unittest.TestNGUnitTest" name="test1">
    <skipped/>
  </testcase> <!-- test1 -->
  <testcase classname="com.unittest.TestNGUnitTest" name="test2">
    <skipped/>
  </testcase> <!-- test2 -->
</testsuite> <!-- com.unittest.TestNGUnitTest -->
