<?xml version="1.0" encoding="UTF-8"?>
<!-- Generated by org.testng.reporters.JUnitReportReporter -->
<testsuite hostname="Raju" failures="0" tests="4" name="com.unittest.TestNGUnitTest" time="0.035" errors="0" timestamp="2026-02-18T09:22:18 IST" skipped="2">
  <testcase classname="com.unittest.TestNGUnitTest" name="test3" time="0.020"/>
  <testcase classname="com.unittest.TestNGUnitTest" name="test5" time="0.015"/>
  <testcase classname="com.unittest.TestNGUnitTest" name="test2">
    <skipped/>
  </testcase> <!-- test2 -->
  <testcase classname="com.unittest.TestNGUnitTest" name="test1">
    <skipped/>
  </testcase> <!-- test1 -->
</testsuite> <!-- com.unittest.TestNGUnitTest -->
